app/build/intermediates/manifest_merge_blame_file/debug/manifest-merger-blame-debug-report.txt
1<?xml version="1.0" encoding="utf-8"?>
2<manifest xmlns:android="http://schemas.android.com/apk/res/android"
3    package="taxi.kassa"
4    android:versionCode="27"
5    android:versionName="1.27" >
6
7    <uses-sdk
8        android:minSdkVersion="21"
8-->src\main\AndroidManifest.xml
9        android:targetSdkVersion="29" />
9-->src\main\AndroidManifest.xml
10
11    <uses-permission android:name="android.permission.INTERNET" />
11-->src\main\AndroidManifest.xml:6:5-67
11-->src\main\AndroidManifest.xml:6:22-64
12    <uses-permission android:name="android.permission.ACCESS_NETWORK_STATE" />
12-->src\main\AndroidManifest.xml:7:5-79
12-->src\main\AndroidManifest.xml:7:22-76
13    <uses-permission android:name="android.permission.CALL_PHONE" />
13-->src\main\AndroidManifest.xml:8:5-69
13-->src\main\AndroidManifest.xml:8:22-66
14    <uses-permission android:name="android.permission.CAMERA" />
14-->src\main\AndroidManifest.xml:9:5-65
14-->src\main\AndroidManifest.xml:9:22-62
15    <uses-permission android:name="android.permission.WRITE_EXTERNAL_STORAGE" />
15-->src\main\AndroidManifest.xml:10:5-81
15-->src\main\AndroidManifest.xml:10:22-78
16    <uses-permission android:name="android.permission.REORDER_TASKS" /> <!-- Permission will be merged into the manifest of the hosting app. -->
16-->[androidx.fragment:fragment-testing:1.2.5] AndroidManifest.xml:25:5-72
16-->[androidx.fragment:fragment-testing:1.2.5] AndroidManifest.xml:25:22-69
17    <!-- Is required to launch foreground extraction service for targetSdkVersion 28+. -->
18    <uses-permission android:name="android.permission.FOREGROUND_SERVICE" />
18-->[com.google.android.play:core:1.8.0] AndroidManifest.xml:8:3-74
18-->[com.google.android.play:core:1.8.0] AndroidManifest.xml:8:20-72
19    <uses-permission android:name="android.permission.WAKE_LOCK" /> <!-- Required by older versions of Google Play services to create IID tokens -->
19-->[com.google.firebase:firebase-iid:20.2.3] AndroidManifest.xml:24:5-68
19-->[com.google.firebase:firebase-iid:20.2.3] AndroidManifest.xml:24:22-65
20    <uses-permission android:name="com.google.android.c2dm.permission.RECEIVE" />
20-->[com.google.firebase:firebase-iid:20.2.3] AndroidManifest.xml:26:5-82
20-->[com.google.firebase:firebase-iid:20.2.3] AndroidManifest.xml:26:22-79
21
22    <application
22-->src\main\AndroidManifest.xml:12:5-53:19
23        android:name="taxi.kassa.MyApplication"
23-->src\main\AndroidManifest.xml:13:9-38
24        android:allowBackup="false"
24-->src\main\AndroidManifest.xml:14:9-36
25        android:appComponentFactory="androidx.core.app.CoreComponentFactory"
25-->[androidx.core:core:1.3.1] AndroidManifest.xml:24:18-86
26        android:icon="@drawable/ic_app_logo"
26-->src\main\AndroidManifest.xml:15:9-45
27        android:label="@string/app_name"
27-->src\main\AndroidManifest.xml:16:9-41
28        android:largeHeap="true"
28-->src\main\AndroidManifest.xml:17:9-33
29        android:requestLegacyExternalStorage="true"
29-->src\main\AndroidManifest.xml:18:9-52
30        android:roundIcon="@drawable/ic_app_logo"
30-->src\main\AndroidManifest.xml:19:9-50
31        android:supportsRtl="true"
31-->src\main\AndroidManifest.xml:20:9-35
32        android:testOnly="true"
33        android:theme="@style/AppTheme" >
33-->src\main\AndroidManifest.xml:21:9-40
34        <activity
34-->src\main\AndroidManifest.xml:24:9-35:20
35            android:name="taxi.kassa.view.MainActivity"
35-->src\main\AndroidManifest.xml:25:13-46
36            android:screenOrientation="portrait"
36-->src\main\AndroidManifest.xml:26:13-49
37            android:theme="@style/AppTheme.Launcher"
37-->src\main\AndroidManifest.xml:27:13-53
38            android:windowSoftInputMode="adjustResize" >
38-->src\main\AndroidManifest.xml:28:13-55
39            <intent-filter>
39-->src\main\AndroidManifest.xml:30:13-34:29
40                <action android:name="android.intent.action.MAIN" />
40-->src\main\AndroidManifest.xml:31:17-69
40-->src\main\AndroidManifest.xml:31:25-66
41
42                <category android:name="android.intent.category.LAUNCHER" />
42-->src\main\AndroidManifest.xml:33:17-77
42-->src\main\AndroidManifest.xml:33:27-74
43            </intent-filter>
44        </activity>
45
46        <service
46-->src\main\AndroidManifest.xml:37:9-44:19
47            android:name="taxi.kassa.model.remote.firebase.MyFirebaseMessagingService"
47-->src\main\AndroidManifest.xml:38:13-77
48            android:exported="false"
48-->src\main\AndroidManifest.xml:39:13-37
49            android:stopWithTask="false" >
49-->src\main\AndroidManifest.xml:40:13-41
50            <intent-filter>
50-->src\main\AndroidManifest.xml:41:13-43:29
51                <action android:name="com.google.firebase.MESSAGING_EVENT" />
51-->src\main\AndroidManifest.xml:42:17-78
51-->src\main\AndroidManifest.xml:42:25-75
52            </intent-filter>
53        </service>
54
55        <meta-data
55-->src\main\AndroidManifest.xml:46:9-48:61
56            android:name="com.google.firebase.messaging.default_notification_icon"
56-->src\main\AndroidManifest.xml:47:13-83
57            android:resource="@drawable/ic_push_app_logo" />
57-->src\main\AndroidManifest.xml:48:13-58
58        <meta-data
58-->src\main\AndroidManifest.xml:49:9-51:57
59            android:name="preloaded_fonts"
59-->src\main\AndroidManifest.xml:50:13-43
60            android:resource="@array/preloaded_fonts" />
60-->src\main\AndroidManifest.xml:51:13-54
61
62        <activity
62-->[androidx.fragment:fragment-testing:1.2.5] AndroidManifest.xml:28:9-37:20
63            android:name="androidx.fragment.app.testing.FragmentScenario$EmptyFragmentActivity"
63-->[androidx.fragment:fragment-testing:1.2.5] AndroidManifest.xml:29:13-96
64            android:exported="true"
64-->[androidx.fragment:fragment-testing:1.2.5] AndroidManifest.xml:30:13-36
65            android:multiprocess="true"
65-->[androidx.fragment:fragment-testing:1.2.5] AndroidManifest.xml:31:13-40
66            android:taskAffinity=""
66-->[androidx.fragment:fragment-testing:1.2.5] AndroidManifest.xml:32:13-36
67            android:theme="@style/FragmentScenarioEmptyFragmentActivityTheme" >
67-->[androidx.fragment:fragment-testing:1.2.5] AndroidManifest.xml:33:13-78
68            <intent-filter>
68-->[androidx.fragment:fragment-testing:1.2.5] AndroidManifest.xml:34:13-36:29
69                <action android:name="android.intent.action.MAIN" />
69-->src\main\AndroidManifest.xml:31:17-69
69-->src\main\AndroidManifest.xml:31:25-66
70            </intent-filter>
71        </activity>
72        <activity
72-->[androidx.test:core:1.2.0] AndroidManifest.xml:27:9-33:20
73            android:name="androidx.test.core.app.InstrumentationActivityInvoker$BootstrapActivity"
73-->[androidx.test:core:1.2.0] AndroidManifest.xml:28:13-99
74            android:theme="@android:style/Theme" >
74-->[androidx.test:core:1.2.0] AndroidManifest.xml:29:13-49
75            <intent-filter>
75-->[androidx.fragment:fragment-testing:1.2.5] AndroidManifest.xml:34:13-36:29
76                <action android:name="android.intent.action.MAIN" />
76-->src\main\AndroidManifest.xml:31:17-69
76-->src\main\AndroidManifest.xml:31:25-66
77            </intent-filter>
78        </activity>
79        <activity
79-->[androidx.test:core:1.2.0] AndroidManifest.xml:34:9-40:20
80            android:name="androidx.test.core.app.InstrumentationActivityInvoker$EmptyActivity"
80-->[androidx.test:core:1.2.0] AndroidManifest.xml:35:13-95
81            android:theme="@android:style/Theme" >
81-->[androidx.test:core:1.2.0] AndroidManifest.xml:36:13-49
82            <intent-filter>
82-->[androidx.fragment:fragment-testing:1.2.5] AndroidManifest.xml:34:13-36:29
83                <action android:name="android.intent.action.MAIN" />
83-->src\main\AndroidManifest.xml:31:17-69
83-->src\main\AndroidManifest.xml:31:25-66
84            </intent-filter>
85        </activity>
86        <activity
86-->[androidx.test:core:1.2.0] AndroidManifest.xml:41:9-47:20
87            android:name="androidx.test.core.app.InstrumentationActivityInvoker$EmptyFloatingActivity"
87-->[androidx.test:core:1.2.0] AndroidManifest.xml:42:13-103
88            android:theme="@android:style/Theme.Dialog" >
88-->[androidx.test:core:1.2.0] AndroidManifest.xml:43:13-56
89            <intent-filter>
89-->[androidx.fragment:fragment-testing:1.2.5] AndroidManifest.xml:34:13-36:29
90                <action android:name="android.intent.action.MAIN" />
90-->src\main\AndroidManifest.xml:31:17-69
90-->src\main\AndroidManifest.xml:31:25-66
91            </intent-filter>
92        </activity> <!-- The activities will be merged into the manifest of the hosting app. -->
93        <activity
93-->[com.google.android.play:core:1.8.0] AndroidManifest.xml:12:5-271
94            android:name="com.google.android.play.core.missingsplits.PlayCoreMissingSplitsActivity"
94-->[com.google.android.play:core:1.8.0] AndroidManifest.xml:12:15-102
95            android:enabled="false"
95-->[com.google.android.play:core:1.8.0] AndroidManifest.xml:12:103-126
96            android:exported="false"
96-->[com.google.android.play:core:1.8.0] AndroidManifest.xml:12:127-151
97            android:launchMode="singleInstance"
97-->[com.google.android.play:core:1.8.0] AndroidManifest.xml:12:204-239
98            android:process=":playcore_missing_splits_activity"
98-->[com.google.android.play:core:1.8.0] AndroidManifest.xml:12:152-203
99            android:stateNotNeeded="true" />
99-->[com.google.android.play:core:1.8.0] AndroidManifest.xml:12:240-269
100        <activity
100-->[com.google.android.play:core:1.8.0] AndroidManifest.xml:13:5-226
101            android:name="com.google.android.play.core.common.PlayCoreDialogWrapperActivity"
101-->[com.google.android.play:core:1.8.0] AndroidManifest.xml:13:15-95
102            android:enabled="false"
102-->[com.google.android.play:core:1.8.0] AndroidManifest.xml:13:96-119
103            android:exported="false"
103-->[com.google.android.play:core:1.8.0] AndroidManifest.xml:13:120-144
104            android:stateNotNeeded="true"
104-->[com.google.android.play:core:1.8.0] AndroidManifest.xml:13:145-174
105            android:theme="@style/Theme.PlayCore.Transparent" /> <!-- The service will be merged into the manifest of the hosting app. -->
105-->[com.google.android.play:core:1.8.0] AndroidManifest.xml:13:175-224
106        <service
106-->[com.google.android.play:core:1.8.0] AndroidManifest.xml:16:5-145
107            android:name="com.google.android.play.core.assetpacks.AssetPackExtractionService"
107-->[com.google.android.play:core:1.8.0] AndroidManifest.xml:16:14-95
108            android:enabled="false"
108-->[com.google.android.play:core:1.8.0] AndroidManifest.xml:16:96-119
109            android:exported="true" />
109-->[com.google.android.play:core:1.8.0] AndroidManifest.xml:16:120-143
110
111        <uses-library
111-->[androidx.camera:camera-extensions:1.0.0-alpha03] AndroidManifest.xml:25:9-27:40
112            android:name="androidx.camera.extensions.impl"
112-->[androidx.camera:camera-extensions:1.0.0-alpha03] AndroidManifest.xml:26:13-59
113            android:required="false" />
113-->[androidx.camera:camera-extensions:1.0.0-alpha03] AndroidManifest.xml:27:13-37
114
115        <provider
115-->[androidx.camera:camera-camera2:1.0.0-alpha06] AndroidManifest.xml:25:9-30:43
116            android:name="androidx.camera.camera2.impl.Camera2Initializer"
116-->[androidx.camera:camera-camera2:1.0.0-alpha06] AndroidManifest.xml:26:13-75
117            android:authorities="taxi.kassa.camerax-init"
117-->[androidx.camera:camera-camera2:1.0.0-alpha06] AndroidManifest.xml:27:13-64
118            android:exported="false"
118-->[androidx.camera:camera-camera2:1.0.0-alpha06] AndroidManifest.xml:28:13-37
119            android:initOrder="100"
119-->[androidx.camera:camera-camera2:1.0.0-alpha06] AndroidManifest.xml:29:13-36
120            android:multiprocess="true" />
120-->[androidx.camera:camera-camera2:1.0.0-alpha06] AndroidManifest.xml:30:13-40
121        <!--
122             FirebaseMessagingService performs security checks at runtime,
123             but set to not exported to explicitly avoid allowing another app to call it.
124        -->
125        <service
125-->[com.google.firebase:firebase-messaging:20.2.4] AndroidManifest.xml:28:9-35:19
126            android:name="com.google.firebase.messaging.FirebaseMessagingService"
126-->[com.google.firebase:firebase-messaging:20.2.4] AndroidManifest.xml:29:13-82
127            android:directBootAware="true"
127-->[com.google.firebase:firebase-messaging:20.2.4] AndroidManifest.xml:30:13-43
128            android:exported="false" >
128-->[com.google.firebase:firebase-messaging:20.2.4] AndroidManifest.xml:31:13-37
129            <intent-filter android:priority="-500" >
129-->src\main\AndroidManifest.xml:41:13-43:29
130                <action android:name="com.google.firebase.MESSAGING_EVENT" />
130-->src\main\AndroidManifest.xml:42:17-78
130-->src\main\AndroidManifest.xml:42:25-75
131            </intent-filter>
132        </service>
133        <service
133-->[com.google.firebase:firebase-messaging:20.2.4] AndroidManifest.xml:36:9-42:19
134            android:name="com.google.firebase.components.ComponentDiscoveryService"
134-->[com.google.firebase:firebase-messaging:20.2.4] AndroidManifest.xml:37:13-84
135            android:directBootAware="true"
135-->[com.google.firebase:firebase-common:19.3.0] AndroidManifest.xml:34:13-43
136            android:exported="false" >
136-->[com.google.firebase:firebase-messaging:20.2.4] AndroidManifest.xml:38:13-37
137            <meta-data
137-->[com.google.firebase:firebase-messaging:20.2.4] AndroidManifest.xml:39:13-41:85
138                android:name="com.google.firebase.components:com.google.firebase.messaging.FirebaseMessagingRegistrar"
138-->[com.google.firebase:firebase-messaging:20.2.4] AndroidManifest.xml:40:17-119
139                android:value="com.google.firebase.components.ComponentRegistrar" />
139-->[com.google.firebase:firebase-messaging:20.2.4] AndroidManifest.xml:41:17-82
140            <meta-data
140-->[com.google.firebase:firebase-iid:20.2.3] AndroidManifest.xml:32:13-34:85
141                android:name="com.google.firebase.components:com.google.firebase.iid.Registrar"
141-->[com.google.firebase:firebase-iid:20.2.3] AndroidManifest.xml:33:17-96
142                android:value="com.google.firebase.components.ComponentRegistrar" />
142-->[com.google.firebase:firebase-iid:20.2.3] AndroidManifest.xml:34:17-82
143            <meta-data
143-->[com.google.firebase:firebase-datatransport:17.0.3] AndroidManifest.xml:28:13-30:85
144                android:name="com.google.firebase.components:com.google.firebase.datatransport.TransportRegistrar"
144-->[com.google.firebase:firebase-datatransport:17.0.3] AndroidManifest.xml:29:17-115
145                android:value="com.google.firebase.components.ComponentRegistrar" />
145-->[com.google.firebase:firebase-datatransport:17.0.3] AndroidManifest.xml:30:17-82
146            <meta-data
146-->[com.google.firebase:firebase-installations:16.3.3] AndroidManifest.xml:17:13-19:85
147                android:name="com.google.firebase.components:com.google.firebase.installations.FirebaseInstallationsRegistrar"
147-->[com.google.firebase:firebase-installations:16.3.3] AndroidManifest.xml:18:17-127
148                android:value="com.google.firebase.components.ComponentRegistrar" />
148-->[com.google.firebase:firebase-installations:16.3.3] AndroidManifest.xml:19:17-82
149        </service>
150
151        <receiver
151-->[com.google.firebase:firebase-iid:20.2.3] AndroidManifest.xml:37:9-44:20
152            android:name="com.google.firebase.iid.FirebaseInstanceIdReceiver"
152-->[com.google.firebase:firebase-iid:20.2.3] AndroidManifest.xml:38:13-78
153            android:exported="true"
153-->[com.google.firebase:firebase-iid:20.2.3] AndroidManifest.xml:39:13-36
154            android:permission="com.google.android.c2dm.permission.SEND" >
154-->[com.google.firebase:firebase-iid:20.2.3] AndroidManifest.xml:40:13-73
155            <intent-filter>
155-->[com.google.firebase:firebase-iid:20.2.3] AndroidManifest.xml:41:13-43:29
156                <action android:name="com.google.android.c2dm.intent.RECEIVE" />
156-->[com.google.firebase:firebase-iid:20.2.3] AndroidManifest.xml:42:17-81
156-->[com.google.firebase:firebase-iid:20.2.3] AndroidManifest.xml:42:25-78
157            </intent-filter>
158        </receiver>
159
160        <provider
160-->[com.google.firebase:firebase-common:19.3.0] AndroidManifest.xml:26:9-30:39
161            android:name="com.google.firebase.provider.FirebaseInitProvider"
161-->[com.google.firebase:firebase-common:19.3.0] AndroidManifest.xml:27:13-77
162            android:authorities="taxi.kassa.firebaseinitprovider"
162-->[com.google.firebase:firebase-common:19.3.0] AndroidManifest.xml:28:13-72
163            android:exported="false"
163-->[com.google.firebase:firebase-common:19.3.0] AndroidManifest.xml:29:13-37
164            android:initOrder="100" />
164-->[com.google.firebase:firebase-common:19.3.0] AndroidManifest.xml:30:13-36
165
166        <activity
166-->[com.google.android.gms:play-services-base:17.0.0] AndroidManifest.xml:23:9-26:75
167            android:name="com.google.android.gms.common.api.GoogleApiActivity"
167-->[com.google.android.gms:play-services-base:17.0.0] AndroidManifest.xml:24:13-79
168            android:exported="false"
168-->[com.google.android.gms:play-services-base:17.0.0] AndroidManifest.xml:25:13-37
169            android:theme="@android:style/Theme.Translucent.NoTitleBar" />
169-->[com.google.android.gms:play-services-base:17.0.0] AndroidManifest.xml:26:13-72
170
171        <meta-data
171-->[com.google.android.gms:play-services-basement:17.0.0] AndroidManifest.xml:23:9-25:69
172            android:name="com.google.android.gms.version"
172-->[com.google.android.gms:play-services-basement:17.0.0] AndroidManifest.xml:24:13-58
173            android:value="@integer/google_play_services_version" />
173-->[com.google.android.gms:play-services-basement:17.0.0] AndroidManifest.xml:25:13-66
174
175        <service
175-->[com.google.android.datatransport:transport-backend-cct:2.2.0] AndroidManifest.xml:29:9-35:19
176            android:name="com.google.android.datatransport.runtime.backends.TransportBackendDiscovery"
176-->[com.google.android.datatransport:transport-backend-cct:2.2.0] AndroidManifest.xml:30:13-103
177            android:exported="false" >
177-->[com.google.android.datatransport:transport-backend-cct:2.2.0] AndroidManifest.xml:31:13-37
178            <meta-data
178-->[com.google.android.datatransport:transport-backend-cct:2.2.0] AndroidManifest.xml:32:13-34:39
179                android:name="backend:com.google.android.datatransport.cct.CctBackendFactory"
179-->[com.google.android.datatransport:transport-backend-cct:2.2.0] AndroidManifest.xml:33:17-94
180                android:value="cct" />
180-->[com.google.android.datatransport:transport-backend-cct:2.2.0] AndroidManifest.xml:34:17-36
181        </service>
182        <service
182-->[com.google.android.datatransport:transport-runtime:2.2.0] AndroidManifest.xml:26:9-30:19
183            android:name="com.google.android.datatransport.runtime.scheduling.jobscheduling.JobInfoSchedulerService"
183-->[com.google.android.datatransport:transport-runtime:2.2.0] AndroidManifest.xml:27:13-117
184            android:exported="false"
184-->[com.google.android.datatransport:transport-runtime:2.2.0] AndroidManifest.xml:28:13-37
185            android:permission="android.permission.BIND_JOB_SERVICE" >
185-->[com.google.android.datatransport:transport-runtime:2.2.0] AndroidManifest.xml:29:13-69
186        </service>
187
188        <receiver
188-->[com.google.android.datatransport:transport-runtime:2.2.0] AndroidManifest.xml:32:9-34:40
189            android:name="com.google.android.datatransport.runtime.scheduling.jobscheduling.AlarmManagerSchedulerBroadcastReceiver"
189-->[com.google.android.datatransport:transport-runtime:2.2.0] AndroidManifest.xml:33:13-132
190            android:exported="false" />
190-->[com.google.android.datatransport:transport-runtime:2.2.0] AndroidManifest.xml:34:13-37
191    </application>
192
193</manifest>